<spring:beans xmlns="http://www.citrusframework.org/schema/testcase"
       xmlns:spring="http://www.springframework.org/schema/beans"
       xmlns:xsi="http://www.w3.org/2001/XMLSchema-instance"
       xsi:schemaLocation="http://www.springframework.org/schema/beans http://www.springframework.org/schema/beans/spring-beans.xsd
                           http://www.citrusframework.org/schema/testcase http://www.citrusframework.org/schema/testcase/citrus-testcase.xsd">

  <testcase name="UpdateTest">
    <meta-info>
      <author>Christoph</author>
      <creationdate>2011-09-05</creationdate>
      <status>DRAFT</status>
      <last-updated-by>Christoph</last-updated-by>
      <last-updated-on>2011-09-05T13:42:09</last-updated-on>
    </meta-info>

    <description>This is a sample test</description>

    <actions>
      <sleep milliseconds="5000"/>
      <echo>
        <message>Hello Citrus!</message>
      </echo>
      <echo>
        <message>Citrus rocks!</message>
      </echo>
      <echo>
        <message>GoodBye Citrus!</message>
      </echo>
    </actions>
  </testcase>
</spring:beans>